[INFO ] 28-04-2025 21:12:31 [TestNG-PoolService-0] Log - CLICK ON THE HOME PAGE
[INFO ] 28-04-2025 21:12:32 [TestNG-PoolService-5] Log - CLICK ON THE HOME PAGE
[INFO ] 28-04-2025 21:12:32 [TestNG-PoolService-4] Log - CLICK ON THE HOME PAGE
[INFO ] 28-04-2025 21:12:33 [TestNG-PoolService-2] Log - CLICK ON THE HOME PAGE
[INFO ] 28-04-2025 21:12:33 [TestNG-PoolService-3] Log - CLICK ON THE HOME PAGE
[INFO ] 28-04-2025 21:12:33 [TestNG-PoolService-1] Log - CLICK ON THE HOME PAGE
[INFO ] 28-04-2025 21:13:13 [TestNG-PoolService-2] Log - CLICK ON THE HOME PAGE
[INFO ] 28-04-2025 21:13:15 [TestNG-PoolService-0] Log - CLICK ON THE HOME PAGE
[INFO ] 28-04-2025 21:13:16 [TestNG-PoolService-5] Log - CLICK ON THE HOME PAGE
[INFO ] 28-04-2025 21:13:19 [TestNG-PoolService-1] Log - CLICK ON THE HOME PAGE
[INFO ] 28-04-2025 21:13:20 [TestNG-PoolService-4] Log - CLICK ON THE HOME PAGE
[INFO ] 28-04-2025 21:13:22 [TestNG-PoolService-3] Log - CLICK ON THE HOME PAGE
[INFO ] 28-04-2025 21:13:24 [TestNG-PoolService-4] Log - ENTER THE PRODUCT NAME: Camera IP Ngoài Trời 3MP TP-Link Tapo TC65
[INFO ] 28-04-2025 21:13:26 [TestNG-PoolService-3] Log - ENTER THE PRODUCT NAME: Tai nghe TWS Sony WF-L910
[INFO ] 28-04-2025 21:13:53 [TestNG-PoolService-0] Log - CLICK ON THE HOME PAGE
[INFO ] 28-04-2025 21:13:55 [TestNG-PoolService-2] Log - CLICK ON THE HOME PAGE
[INFO ] 28-04-2025 21:13:56 [TestNG-PoolService-0] Log - ENTER THE PRODUCT NAME: Dell Inspiron 15 3520 i7 1255U (N5I7125W1)
[INFO ] 28-04-2025 21:13:59 [TestNG-PoolService-2] Log - ENTER THE PRODUCT NAME: MSI 24.5 inch Full HD MP251 E2
[INFO ] 28-04-2025 21:14:02 [TestNG-PoolService-4] Log - CLICK ON THE HOME PAGE
[INFO ] 28-04-2025 21:14:04 [TestNG-PoolService-5] Log - CLICK ON THE HOME PAGE
[INFO ] 28-04-2025 21:14:05 [TestNG-PoolService-4] Log - ENTER THE PRODUCT NAME: Máy in laser trắng đen Canon LBP 6030B
[INFO ] 28-04-2025 21:14:06 [TestNG-PoolService-3] Log - CLICK ON THE HOME PAGE
[INFO ] 28-04-2025 21:14:07 [TestNG-PoolService-1] Log - CLICK ON THE HOME PAGE
[INFO ] 28-04-2025 21:14:07 [TestNG-PoolService-5] Log - ENTER THE PRODUCT NAME: Samsung Galaxy Watch Ultra LTE 47mm dây silicone
[INFO ] 28-04-2025 21:14:10 [TestNG-PoolService-3] Log - ENTER THE PRODUCT NAME: Loa Bluetooth Xiaomi Sound Outdoor
[INFO ] 28-04-2025 21:14:11 [TestNG-PoolService-1] Log - ENTER THE PRODUCT NAME: Samsung Galaxy Tab A9 4G 4GB/64GB
[INFO ] 28-04-2025 21:14:32 [TestNG-PoolService-0] Log - CLICK ON THE HOME PAGE
[INFO ] 28-04-2025 21:14:36 [TestNG-PoolService-0] Log - ENTER THE PRODUCT NAME: OPPO Find N5 5G 16GB/512GB
[INFO ] 28-04-2025 21:14:39 [TestNG-PoolService-2] Log - CLICK ON THE HOME PAGE
[INFO ] 28-04-2025 21:14:43 [TestNG-PoolService-4] Log - CLICK ON THE HOME PAGE
[INFO ] 28-04-2025 21:14:43 [TestNG-PoolService-2] Log - ENTER THE PRODUCT NAME: CASIO 34 mm Nam MTP-M305D-1AVDF
[INFO ] 28-04-2025 21:14:47 [TestNG-PoolService-3] Log - CLICK ON THE HOME PAGE
[INFO ] 28-04-2025 21:14:49 [TestNG-PoolService-1] Log - CLICK ON THE HOME PAGE
[INFO ] 28-04-2025 21:14:52 [TestNG-PoolService-5] Log - CLICK ON THE HOME PAGE
[INFO ] 28-04-2025 21:15:11 [TestNG-PoolService-4] Log - CLICK ON THE HOME PAGE
[INFO ] 28-04-2025 21:15:16 [TestNG-PoolService-1] Log - CLICK ON THE HOME PAGE
[INFO ] 28-04-2025 21:15:20 [TestNG-PoolService-3] Log - CLICK ON THE HOME PAGE
[INFO ] 28-04-2025 21:15:21 [TestNG-PoolService-5] Log - CLICK ON THE HOME PAGE
[INFO ] 28-04-2025 21:15:25 [TestNG-PoolService-2] Log - CLICK ON THE HOME PAGE
[INFO ] 28-04-2025 21:15:27 [TestNG-PoolService-0] Log - CLICK ON THE HOME PAGE
[INFO ] 28-04-2025 21:15:38 [TestNG-PoolService-4] Log - CLICK ON THE HOME PAGE
[INFO ] 28-04-2025 21:15:45 [TestNG-PoolService-1] Log - CLICK ON THE HOME PAGE
[INFO ] 28-04-2025 21:15:46 [TestNG-PoolService-3] Log - CLICK ON THE HOME PAGE
[INFO ] 28-04-2025 21:15:50 [TestNG-PoolService-5] Log - CLICK ON THE HOME PAGE
[INFO ] 28-04-2025 21:15:54 [TestNG-PoolService-2] Log - CLICK ON THE HOME PAGE
[INFO ] 28-04-2025 21:15:57 [TestNG-PoolService-0] Log - CLICK ON THE HOME PAGE
[INFO ] 28-04-2025 21:16:03 [TestNG-PoolService-4] Log - CLICK ON THE HOME PAGE
[INFO ] 28-04-2025 21:16:10 [TestNG-PoolService-1] Log - CLICK ON THE HOME PAGE
[INFO ] 28-04-2025 21:16:15 [TestNG-PoolService-3] Log - CLICK ON THE HOME PAGE
[INFO ] 28-04-2025 21:16:18 [TestNG-PoolService-2] Log - CLICK ON THE HOME PAGE
